Start testing: May 02 16:12 PDT
----------------------------------------------------------
1/3 Testing: test_path_solvers
1/3 Test: test_path_solvers
Command: "/Users/lordine/stat_research/CondReg/condreg-cpp/build/test_path_solvers"
Directory: /Users/lordine/stat_research/CondReg/condreg-cpp/build
"test_path_solvers" start time: May 02 16:12 PDT
Output:
----------------------------------------------------------
Eigenvalues: 
    100      50 33.3333      25      20 16.6667 14.2857    12.5 11.1111      10

Testing path_forward:
k values: 
1.0000 0.5360 1.3388 2.1417 2.8239 3.5359 6.6148 7.1300 inf 
u values: 
0.034142 0.040000 0.030000 0.023346 0.020000 0.016969 0.010582 0.010000 0.010000 

Testing path_backward:
k values: 
1.0000 1.3055 1.3796 1.9884 2.8789 3.1317 4.2496 6.1017 8.1818 10.0000 inf 
u values: 
0.034142 0.030641 0.030000 0.025146 0.020841 0.020000 0.016472 0.013111 0.011000 0.010000 0.010000 

Verifying that both methods produce similar results:
k = 2.000000:
Forward: u = 0.023346, k = 2.141671
Backward: u = 0.020841, k = 2.878903

k = 4.000000:
Forward: u = 0.010582, k = 6.614762
Backward: u = 0.016472, k = 4.249578

k = 10.000000:
Forward: u = 0.034142, k = 1.000000
Backward: u = 0.010000, k = 10.000000

<end of output>
Test time =   0.00 sec
----------------------------------------------------------
Test Passed.
"test_path_solvers" end time: May 02 16:12 PDT
"test_path_solvers" time elapsed: 00:00:00
----------------------------------------------------------

2/3 Testing: test_utils
2/3 Test: test_utils
Command: "/Users/lordine/stat_research/CondReg/condreg-cpp/build/test_utils"
Directory: /Users/lordine/stat_research/CondReg/condreg-cpp/build
"test_utils" start time: May 02 16:12 PDT
Output:
----------------------------------------------------------
Testing kgrid function:
kgrid(20.0, 10) = 
     20 6.42857 3.82979 2.72727 2.11765 1.73077 1.46341 1.26761 1.11801       1

Testing pfweights function:
Covariance matrix:
  1 0.2 0.3
0.2 1.5 0.4
0.3 0.4   2
Portfolio weights:
 0.51773 0.304965 0.177305
Sum of weights: 1

Testing transcost function:
New weights: 0.5 0.3 0.2
Old weights: 0.4 0.4 0.2
Last earnings: 1.1
Relative transaction cost: 0.001
Wealth: 1e+06
Transaction cost: $200
<end of output>
Test time =   0.01 sec
----------------------------------------------------------
Test Passed.
"test_utils" end time: May 02 16:12 PDT
"test_utils" time elapsed: 00:00:00
----------------------------------------------------------

3/3 Testing: test_condreg
3/3 Test: test_condreg
Command: "/Users/lordine/stat_research/CondReg/condreg-cpp/build/test_condreg"
Directory: /Users/lordine/stat_research/CondReg/condreg-cpp/build
"test_condreg" start time: May 02 16:12 PDT
Output:
----------------------------------------------------------
Testing condreg implementation...
True condition number: 100
Sample condition number: 140.588

Testing condreg with different regularization parameters:
      kmax    Condition Number
         1                   1
         2                   2
         5                   5
        10                  10
        20                  20
        50                  50
       100                 100

Testing cross-validation:
Selected kmax: 1.12219

Testing select_condreg:
Condition number of CV-selected regularization: 1.12219
<end of output>
Test time =   0.05 sec
----------------------------------------------------------
Test Passed.
"test_condreg" end time: May 02 16:12 PDT
"test_condreg" time elapsed: 00:00:00
----------------------------------------------------------

End testing: May 02 16:12 PDT
